Using pre-set license
Built from '2020.3/staging' branch; Version is '2020.3.21f1 (a38c86f6690f) revision 10718342'; Using compiler version '192528614'; Build Type 'Release'
OS: 'Windows 10 Home; OS build 19043.1288; Version 2009; 64bit' Language: 'en' Physical Memory: 16328 MB
BatchMode: 1, IsHumanControllingUs: 0, StartBugReporterOnCrash: 0, Is64bit: 1, IsPro: 0

COMMAND LINE ARGUMENTS:
E:\Program Files\2020.3.21f1\Editor\Unity.exe
-adb2
-batchMode
-noUpm
-name
AssetImportWorker0
-projectPath
C:/Users/Marcin/Documents/04_State_Machine/04_State_Machine
-logFile
Logs/AssetImportWorker0.log
-srvPort
12528
Successfully changed project path to: C:/Users/Marcin/Documents/04_State_Machine/04_State_Machine
C:/Users/Marcin/Documents/04_State_Machine/04_State_Machine
Using Asset Import Pipeline V2.
Refreshing native plugins compatible for Editor in 72.26 ms, found 3 plugins.
Preloading 0 native plugins for Editor in 0.00 ms.
Initialize engine version: 2020.3.21f1 (a38c86f6690f)
[Subsystems] Discovering subsystems at path E:/Program Files/2020.3.21f1/Editor/Data/Resources/UnitySubsystems
[Subsystems] Discovering subsystems at path C:/Users/Marcin/Documents/04_State_Machine/04_State_Machine/Assets
GfxDevice: creating device client; threaded=0
Direct3D:
    Version:  Direct3D 11.0 [level 11.1]
    Renderer: Radeon (TM) RX 480 Graphics (ID=0x67df)
    Vendor:   
    VRAM:     8171 MB
    Driver:   27.20.22021.1002
Initialize mono
Mono path[0] = 'E:/Program Files/2020.3.21f1/Editor/Data/Managed'
Mono path[1] = 'E:/Program Files/2020.3.21f1/Editor/Data/MonoBleedingEdge/lib/mono/unityjit'
Mono config path = 'E:/Program Files/2020.3.21f1/Editor/Data/MonoBleedingEdge/etc'
Using monoOptions --debugger-agent=transport=dt_socket,embedding=1,server=y,suspend=n,address=127.0.0.1:56564
Begin MonoManager ReloadAssembly
Registering precompiled unity dll's ...
Register platform support module: E:/Program Files/2020.3.21f1/Editor/Data/PlaybackEngines/WindowsStandaloneSupport/UnityEditor.WindowsStandalone.Extensions.dll
Registered in 0.002606 seconds.
Native extension for WindowsStandalone target not found
Refreshing native plugins compatible for Editor in 97.67 ms, found 3 plugins.
Preloading 0 native plugins for Editor in 0.00 ms.
Mono: successfully reloaded assembly
- Completed reload, in  3.273 seconds
Domain Reload Profiling:
	ReloadAssembly (3274ms)
		BeginReloadAssembly (114ms)
			ExecutionOrderSort (0ms)
			DisableScriptedObjects (0ms)
			BackupInstance (0ms)
			ReleaseScriptingObjects (0ms)
			CreateAndSetChildDomain (1ms)
		EndReloadAssembly (793ms)
			LoadAssemblies (112ms)
			RebuildTransferFunctionScriptingTraits (0ms)
			SetupTypeCache (191ms)
			ReleaseScriptCaches (0ms)
			RebuildScriptCaches (39ms)
			SetupLoadedEditorAssemblies (432ms)
				LogAssemblyErrors (0ms)
				InitializePlatformSupportModulesInManaged (6ms)
				SetLoadedEditorAssemblies (0ms)
				RefreshPlugins (98ms)
				BeforeProcessingInitializeOnLoad (34ms)
				ProcessInitializeOnLoadAttributes (248ms)
				ProcessInitializeOnLoadMethodAttributes (45ms)
				AfterProcessingInitializeOnLoad (0ms)
				EditorAssembliesLoaded (1ms)
			ExecutionOrderSort2 (0ms)
			AwakeInstancesAfterBackupRestoration (0ms)
Platform modules already initialized, skipping
Registering precompiled user dll's ...
Registered in 0.023524 seconds.
Begin MonoManager ReloadAssembly
Native extension for WindowsStandalone target not found
Refreshing native plugins compatible for Editor in 98.64 ms, found 3 plugins.
Preloading 0 native plugins for Editor in 0.00 ms.
Mono: successfully reloaded assembly
- Completed reload, in  2.772 seconds
Domain Reload Profiling:
	ReloadAssembly (2775ms)
		BeginReloadAssembly (340ms)
			ExecutionOrderSort (0ms)
			DisableScriptedObjects (20ms)
			BackupInstance (0ms)
			ReleaseScriptingObjects (0ms)
			CreateAndSetChildDomain (35ms)
		EndReloadAssembly (2336ms)
			LoadAssemblies (224ms)
			RebuildTransferFunctionScriptingTraits (0ms)
			SetupTypeCache (854ms)
			ReleaseScriptCaches (1ms)
			RebuildScriptCaches (187ms)
			SetupLoadedEditorAssemblies (821ms)
				LogAssemblyErrors (0ms)
				InitializePlatformSupportModulesInManaged (6ms)
				SetLoadedEditorAssemblies (0ms)
				RefreshPlugins (99ms)
				BeforeProcessingInitializeOnLoad (152ms)
				ProcessInitializeOnLoadAttributes (513ms)
				ProcessInitializeOnLoadMethodAttributes (43ms)
				AfterProcessingInitializeOnLoad (8ms)
				EditorAssembliesLoaded (0ms)
			ExecutionOrderSort2 (0ms)
			AwakeInstancesAfterBackupRestoration (18ms)
Platform modules already initialized, skipping
========================================================================
Worker process is ready to serve import requests
Launched and connected shader compiler UnityShaderCompiler.exe after 0.17 seconds
Refreshing native plugins compatible for Editor in 0.57 ms, found 3 plugins.
Preloading 0 native plugins for Editor in 0.00 ms.
Unloading 2184 Unused Serialized files (Serialized files now loaded: 0)
System memory in use before: 95.5 MB.
System memory in use after: 95.6 MB.

Unloading 28 unused Assets to reduce memory usage. Loaded Objects now: 2617.
Total: 4.434700 ms (FindLiveObjects: 0.533300 ms CreateObjectMapping: 0.276700 ms MarkObjects: 3.542500 ms  DeleteObjects: 0.080300 ms)

AssetImportParameters requested are different than current active one (requested -> active):
  custom:framework-win-MediaFoundation: 216162199b28c13a410421893ffa2e32 -> 
  custom:video-decoder-ogg-theora: a1e56fd34408186e4bbccfd4996cb3dc -> 
  custom:container-muxer-webm: aa71ff27fc2769a1b78a27578f13a17b -> 
  custom:container-demuxer-webm: 4f35f7cbe854078d1ac9338744f61a02 -> 
  custom:container-demuxer-ogg: 62fdf1f143b41e24485cea50d1cbac27 -> 
  custom:video-encoder-webm-vp8: eb34c28f22e8b96e1ab97ce403110664 -> 
  custom:video-codec-MediaFoundation-h265: 746d11721c4dcdbdad8f713fa42b33f4 -> 
  custom:video-decoder-webm-vp8: 9c59270c3fd7afecdb556c50c9e8de78 -> 
  custom:audio-decoder-ogg-vorbis: bf7c407c2cedff20999df2af8eb42d56 -> 
  custom:audio-encoder-webm-vorbis: bf7c407c2cedff20999df2af8eb42d56 -> 
========================================================================
Received Import Request.
  path: Assets/Scenes/Scene1.unity
  artifactKey: Guid(acb91f57239e92d43ad3d4a23e21ae89) Importer(815301076,1909f56bfc062723c751e8b465ee728b)
Start importing Assets/Scenes/Scene1.unity using Guid(acb91f57239e92d43ad3d4a23e21ae89) Importer(815301076,1909f56bfc062723c751e8b465ee728b)  -> (artifact id: '78e14b6b8b8bc420c2154fb7fe882337') in 0.032154 seconds 
  Import took 0.038478 seconds .

========================================================================
Received Import Request.
  Time since last request: 0.000184 seconds.
  path: Assets/Scenes
  artifactKey: Guid(e6431306cf829714e9285f9e7aefbe35) Importer(815301076,1909f56bfc062723c751e8b465ee728b)
Start importing Assets/Scenes using Guid(e6431306cf829714e9285f9e7aefbe35) Importer(815301076,1909f56bfc062723c751e8b465ee728b)  -> (artifact id: '8e136e3e46cf26ff935cb7976070a738') in 0.019362 seconds 
  Import took 0.026963 seconds .

========================================================================
Received Import Request.
  Time since last request: 0.000389 seconds.
  path: Assets/Sprites
  artifactKey: Guid(f17b0e7a6860c0a4095edacaf07d6229) Importer(815301076,1909f56bfc062723c751e8b465ee728b)
Start importing Assets/Sprites using Guid(f17b0e7a6860c0a4095edacaf07d6229) Importer(815301076,1909f56bfc062723c751e8b465ee728b)  -> (artifact id: '5e1d64fa3bd26a1a3e944581f5546bf5') in 0.016234 seconds 
  Import took 0.034286 seconds .

========================================================================
Received Prepare
Registering precompiled user dll's ...
Registered in 0.007390 seconds.
Begin MonoManager ReloadAssembly
Native extension for WindowsStandalone target not found
Refreshing native plugins compatible for Editor in 0.57 ms, found 3 plugins.
Preloading 0 native plugins for Editor in 0.00 ms.
Mono: successfully reloaded assembly
- Completed reload, in  1.664 seconds
Domain Reload Profiling:
	ReloadAssembly (1665ms)
		BeginReloadAssembly (149ms)
			ExecutionOrderSort (0ms)
			DisableScriptedObjects (14ms)
			BackupInstance (0ms)
			ReleaseScriptingObjects (0ms)
			CreateAndSetChildDomain (47ms)
		EndReloadAssembly (1440ms)
			LoadAssemblies (116ms)
			RebuildTransferFunctionScriptingTraits (0ms)
			SetupTypeCache (459ms)
			ReleaseScriptCaches (1ms)
			RebuildScriptCaches (61ms)
			SetupLoadedEditorAssemblies (620ms)
				LogAssemblyErrors (0ms)
				InitializePlatformSupportModulesInManaged (8ms)
				SetLoadedEditorAssemblies (1ms)
				RefreshPlugins (1ms)
				BeforeProcessingInitializeOnLoad (139ms)
				ProcessInitializeOnLoadAttributes (447ms)
				ProcessInitializeOnLoadMethodAttributes (18ms)
				AfterProcessingInitializeOnLoad (7ms)
				EditorAssembliesLoaded (0ms)
			ExecutionOrderSort2 (0ms)
			AwakeInstancesAfterBackupRestoration (20ms)
Platform modules already initialized, skipping
Refreshing native plugins compatible for Editor in 0.59 ms, found 3 plugins.
Preloading 0 native plugins for Editor in 0.00 ms.
Unloading 2173 Unused Serialized files (Serialized files now loaded: 0)
System memory in use before: 94.9 MB.
System memory in use after: 95.0 MB.

Unloading 17 unused Assets to reduce memory usage. Loaded Objects now: 2619.
Total: 3.801200 ms (FindLiveObjects: 0.293000 ms CreateObjectMapping: 0.135600 ms MarkObjects: 3.349000 ms  DeleteObjects: 0.020900 ms)

AssetImportParameters requested are different than current active one (requested -> active):
  custom:framework-win-MediaFoundation: 216162199b28c13a410421893ffa2e32 -> 
  custom:video-decoder-ogg-theora: a1e56fd34408186e4bbccfd4996cb3dc -> 
  custom:container-muxer-webm: aa71ff27fc2769a1b78a27578f13a17b -> 
  custom:container-demuxer-webm: 4f35f7cbe854078d1ac9338744f61a02 -> 
  custom:container-demuxer-ogg: 62fdf1f143b41e24485cea50d1cbac27 -> 
  custom:video-encoder-webm-vp8: eb34c28f22e8b96e1ab97ce403110664 -> 
  custom:video-codec-MediaFoundation-h265: 746d11721c4dcdbdad8f713fa42b33f4 -> 
  custom:video-decoder-webm-vp8: 9c59270c3fd7afecdb556c50c9e8de78 -> 
  custom:audio-decoder-ogg-vorbis: bf7c407c2cedff20999df2af8eb42d56 -> 
  custom:audio-encoder-webm-vorbis: bf7c407c2cedff20999df2af8eb42d56 -> 
========================================================================
Received Import Request.
  Time since last request: 126.711078 seconds.
  path: Assets/Animations/Chaser.controller
  artifactKey: Guid(ec5d70fb29491c54bb4ec4db55d0d79b) Importer(815301076,1909f56bfc062723c751e8b465ee728b)
Start importing Assets/Animations/Chaser.controller using Guid(ec5d70fb29491c54bb4ec4db55d0d79b) Importer(815301076,1909f56bfc062723c751e8b465ee728b)  -> (artifact id: 'a40ec72421ef47e448a6f7dcee9898f1') in 0.076808 seconds 
  Import took 0.081455 seconds .

========================================================================
Received Prepare
Registering precompiled user dll's ...
Registered in 0.008013 seconds.
Begin MonoManager ReloadAssembly
Native extension for WindowsStandalone target not found
Refreshing native plugins compatible for Editor in 0.65 ms, found 3 plugins.
Preloading 0 native plugins for Editor in 0.00 ms.
Mono: successfully reloaded assembly
- Completed reload, in  1.546 seconds
Domain Reload Profiling:
	ReloadAssembly (1546ms)
		BeginReloadAssembly (182ms)
			ExecutionOrderSort (0ms)
			DisableScriptedObjects (15ms)
			BackupInstance (0ms)
			ReleaseScriptingObjects (0ms)
			CreateAndSetChildDomain (61ms)
		EndReloadAssembly (1254ms)
			LoadAssemblies (183ms)
			RebuildTransferFunctionScriptingTraits (0ms)
			SetupTypeCache (437ms)
			ReleaseScriptCaches (2ms)
			RebuildScriptCaches (61ms)
			SetupLoadedEditorAssemblies (449ms)
				LogAssemblyErrors (0ms)
				InitializePlatformSupportModulesInManaged (7ms)
				SetLoadedEditorAssemblies (1ms)
				RefreshPlugins (1ms)
				BeforeProcessingInitializeOnLoad (130ms)
				ProcessInitializeOnLoadAttributes (289ms)
				ProcessInitializeOnLoadMethodAttributes (14ms)
				AfterProcessingInitializeOnLoad (7ms)
				EditorAssembliesLoaded (0ms)
			ExecutionOrderSort2 (0ms)
			AwakeInstancesAfterBackupRestoration (15ms)
Platform modules already initialized, skipping
Refreshing native plugins compatible for Editor in 0.81 ms, found 3 plugins.
Preloading 0 native plugins for Editor in 0.00 ms.
Unloading 2173 Unused Serialized files (Serialized files now loaded: 0)
System memory in use before: 94.9 MB.
System memory in use after: 95.1 MB.

Unloading 17 unused Assets to reduce memory usage. Loaded Objects now: 2621.
Total: 3.332300 ms (FindLiveObjects: 0.261300 ms CreateObjectMapping: 0.096800 ms MarkObjects: 2.954800 ms  DeleteObjects: 0.018400 ms)

AssetImportParameters requested are different than current active one (requested -> active):
  custom:framework-win-MediaFoundation: 216162199b28c13a410421893ffa2e32 -> 
  custom:video-decoder-ogg-theora: a1e56fd34408186e4bbccfd4996cb3dc -> 
  custom:container-muxer-webm: aa71ff27fc2769a1b78a27578f13a17b -> 
  custom:container-demuxer-webm: 4f35f7cbe854078d1ac9338744f61a02 -> 
  custom:container-demuxer-ogg: 62fdf1f143b41e24485cea50d1cbac27 -> 
  custom:video-encoder-webm-vp8: eb34c28f22e8b96e1ab97ce403110664 -> 
  custom:video-codec-MediaFoundation-h265: 746d11721c4dcdbdad8f713fa42b33f4 -> 
  custom:video-decoder-webm-vp8: 9c59270c3fd7afecdb556c50c9e8de78 -> 
  custom:audio-decoder-ogg-vorbis: bf7c407c2cedff20999df2af8eb42d56 -> 
  custom:audio-encoder-webm-vorbis: bf7c407c2cedff20999df2af8eb42d56 -> 
========================================================================
Received Import Request.
  Time since last request: 218.582257 seconds.
  path: Assets/Tiles
  artifactKey: Guid(14b6cbec45d3b2d47ba57df44b9efa79) Importer(815301076,1909f56bfc062723c751e8b465ee728b)
Start importing Assets/Tiles using Guid(14b6cbec45d3b2d47ba57df44b9efa79) Importer(815301076,1909f56bfc062723c751e8b465ee728b)  -> (artifact id: '2770daf6beb203a9481b867940211d81') in 0.024132 seconds 
  Import took 0.028230 seconds .

========================================================================
Received Import Request.
  Time since last request: 1.012697 seconds.
  path: Assets/Free Platform Game Assets
  artifactKey: Guid(634f4eaef021e7d498e76aa7e81a6b91) Importer(815301076,1909f56bfc062723c751e8b465ee728b)
Start importing Assets/Free Platform Game Assets using Guid(634f4eaef021e7d498e76aa7e81a6b91) Importer(815301076,1909f56bfc062723c751e8b465ee728b)  -> (artifact id: '4c56e13c630a00f156c91fb3973a7b0a') in 0.018070 seconds 
  Import took 0.022742 seconds .

========================================================================
Received Import Request.
  Time since last request: 2.587655 seconds.
  path: Assets/Free Platform Game Assets/Tiles
  artifactKey: Guid(9967777a9fc49854c981eb9ebd1bb605) Importer(815301076,1909f56bfc062723c751e8b465ee728b)
Start importing Assets/Free Platform Game Assets/Tiles using Guid(9967777a9fc49854c981eb9ebd1bb605) Importer(815301076,1909f56bfc062723c751e8b465ee728b)  -> (artifact id: 'd51591b59ed37383e656f842f7eacd4b') in 0.009369 seconds 
  Import took 0.014961 seconds .

========================================================================
Received Import Request.
  Time since last request: 1.327725 seconds.
  path: Assets/Free Platform Game Assets/Tiles/2D Tiles ( Update 1.9 )
  artifactKey: Guid(f24df406af5b44d4b93237a1564ea376) Importer(815301076,1909f56bfc062723c751e8b465ee728b)
Start importing Assets/Free Platform Game Assets/Tiles/2D Tiles ( Update 1.9 ) using Guid(f24df406af5b44d4b93237a1564ea376) Importer(815301076,1909f56bfc062723c751e8b465ee728b)  -> (artifact id: 'e113bf47887ab25c06b455398842c050') in 0.014799 seconds 
  Import took 0.023065 seconds .

========================================================================
Received Import Request.
  Time since last request: 0.725635 seconds.
  path: Assets/Free Platform Game Assets/Tiles/2D Tiles ( Update 1.9 )/Spring
  artifactKey: Guid(4d5a8ea2a70ada34e96ea228a8b5f03b) Importer(815301076,1909f56bfc062723c751e8b465ee728b)
Start importing Assets/Free Platform Game Assets/Tiles/2D Tiles ( Update 1.9 )/Spring using Guid(4d5a8ea2a70ada34e96ea228a8b5f03b) Importer(815301076,1909f56bfc062723c751e8b465ee728b)  -> (artifact id: '7cd4e519f2965bf1a7480f9d923bcc97') in 0.013974 seconds 
  Import took 0.017339 seconds .

========================================================================
Received Import Request.
  Time since last request: 0.554557 seconds.
  path: Assets/Free Platform Game Assets/Tiles/2D Tiles ( Update 1.9 )/Spring/256x256
  artifactKey: Guid(9df02b544146c0145bc171f01699c8c5) Importer(815301076,1909f56bfc062723c751e8b465ee728b)
Start importing Assets/Free Platform Game Assets/Tiles/2D Tiles ( Update 1.9 )/Spring/256x256 using Guid(9df02b544146c0145bc171f01699c8c5) Importer(815301076,1909f56bfc062723c751e8b465ee728b)  -> (artifact id: '87554f914ffc82054daa25e0d62ac31f') in 0.008413 seconds 
  Import took 0.016023 seconds .

========================================================================
Received Import Request.
  Time since last request: 1.175034 seconds.
  path: Assets/Free Platform Game Assets/Tiles/2D Tiles ( Update 1.9 )/Spring/256x256/GrassCliffLeft.png
  artifactKey: Guid(10f272208848a494e8ca07ca6444b9b6) Importer(815301076,1909f56bfc062723c751e8b465ee728b)
Start importing Assets/Free Platform Game Assets/Tiles/2D Tiles ( Update 1.9 )/Spring/256x256/GrassCliffLeft.png using Guid(10f272208848a494e8ca07ca6444b9b6) Importer(815301076,1909f56bfc062723c751e8b465ee728b)  -> (artifact id: '86d465f314945f1f9cc98ef58b10ff18') in 0.226688 seconds 
  Import took 0.231033 seconds .

========================================================================
Received Import Request.
  Time since last request: 15.899653 seconds.
  path: Assets/Free Platform Game Assets/Tiles/2D Tiles ( Update 1.9 )/Spring/256x256/Grass.png
  artifactKey: Guid(e163d577fcee4fa4398de6ae37f554d2) Importer(815301076,1909f56bfc062723c751e8b465ee728b)
Start importing Assets/Free Platform Game Assets/Tiles/2D Tiles ( Update 1.9 )/Spring/256x256/Grass.png using Guid(e163d577fcee4fa4398de6ae37f554d2) Importer(815301076,1909f56bfc062723c751e8b465ee728b)  -> (artifact id: 'd5d073961e2caf99498b4c0fccaee6da') in 0.050705 seconds 
  Import took 0.060393 seconds .

========================================================================
Received Import Request.
  Time since last request: 1.562116 seconds.
  path: Assets/Free Platform Game Assets/Tiles/2D Tiles ( Update 1.9 )/Spring/256x256/GrassJoinHillRight2&Left2.png
  artifactKey: Guid(abc819e191dd6ff48b3f3883b97c7247) Importer(815301076,1909f56bfc062723c751e8b465ee728b)
Start importing Assets/Free Platform Game Assets/Tiles/2D Tiles ( Update 1.9 )/Spring/256x256/GrassJoinHillRight2&Left2.png using Guid(abc819e191dd6ff48b3f3883b97c7247) Importer(815301076,1909f56bfc062723c751e8b465ee728b)  -> (artifact id: 'e450894c485b2fbf5918a1927f8548a7') in 0.036159 seconds 
  Import took 0.058392 seconds .

========================================================================
Received Import Request.
  Time since last request: 32.676162 seconds.
  path: Assets/Free Platform Game Assets/Tiles/2D Tiles ( Update 1.9 )/Spring/256x256/GrassJoinHillRight2&Left2.png
  artifactKey: Guid(abc819e191dd6ff48b3f3883b97c7247) Importer(815301076,1909f56bfc062723c751e8b465ee728b)
Start importing Assets/Free Platform Game Assets/Tiles/2D Tiles ( Update 1.9 )/Spring/256x256/GrassJoinHillRight2&Left2.png using Guid(abc819e191dd6ff48b3f3883b97c7247) Importer(815301076,1909f56bfc062723c751e8b465ee728b)  -> (artifact id: '2ec2dcf085d2e6aae125a9df31578836') in 0.037635 seconds 
  Import took 0.044264 seconds .

========================================================================
Received Import Request.
  Time since last request: 6.697325 seconds.
  path: Assets/Free Platform Game Assets/Tiles/2D Tiles ( Update 1.9 )/Spring/256x256/Grass.png
  artifactKey: Guid(e163d577fcee4fa4398de6ae37f554d2) Importer(815301076,1909f56bfc062723c751e8b465ee728b)
Start importing Assets/Free Platform Game Assets/Tiles/2D Tiles ( Update 1.9 )/Spring/256x256/Grass.png using Guid(e163d577fcee4fa4398de6ae37f554d2) Importer(815301076,1909f56bfc062723c751e8b465ee728b)  -> (artifact id: '71e6f9aac27ba3aa177d1163ee895389') in 0.028437 seconds 
  Import took 0.033531 seconds .

========================================================================
Received Import Request.
  Time since last request: 11.263914 seconds.
  path: Assets/Free Platform Game Assets/Tiles/2D Tiles ( Update 1.9 )/Spring/256x256/GrassCliffLeft.png
  artifactKey: Guid(10f272208848a494e8ca07ca6444b9b6) Importer(815301076,1909f56bfc062723c751e8b465ee728b)
Start importing Assets/Free Platform Game Assets/Tiles/2D Tiles ( Update 1.9 )/Spring/256x256/GrassCliffLeft.png using Guid(10f272208848a494e8ca07ca6444b9b6) Importer(815301076,1909f56bfc062723c751e8b465ee728b)  -> (artifact id: '42917535e1a53f416d768eecc2fe0e84') in 0.031924 seconds 
  Import took 0.035536 seconds .

========================================================================
Received Import Request.
  Time since last request: 3.228850 seconds.
  path: Assets/Free Platform Game Assets/Tiles/2D Tiles ( Update 1.9 )/Spring/256x256/GrassJoinHillRight2 DownShadow.asset
  artifactKey: Guid(34e4d77ac270e1743bc8a1f6d9a2ceca) Importer(815301076,1909f56bfc062723c751e8b465ee728b)
Start importing Assets/Free Platform Game Assets/Tiles/2D Tiles ( Update 1.9 )/Spring/256x256/GrassJoinHillRight2 DownShadow.asset using Guid(34e4d77ac270e1743bc8a1f6d9a2ceca) Importer(815301076,1909f56bfc062723c751e8b465ee728b)  -> (artifact id: '4193f0e546644ed707a1f795ad353568') in 0.046575 seconds 
  Import took 0.050588 seconds .

========================================================================
Received Import Request.
  Time since last request: 1.421007 seconds.
  path: Assets/Free Platform Game Assets/Tiles/2D Tiles ( Update 1.9 )/Spring/256x256/GrassJoinHillRight2.asset
  artifactKey: Guid(e918a0a4ee4c69249975d7baf8adf70e) Importer(815301076,1909f56bfc062723c751e8b465ee728b)
Start importing Assets/Free Platform Game Assets/Tiles/2D Tiles ( Update 1.9 )/Spring/256x256/GrassJoinHillRight2.asset using Guid(e918a0a4ee4c69249975d7baf8adf70e) Importer(815301076,1909f56bfc062723c751e8b465ee728b)  -> (artifact id: '756a1713e894db3f4f13a7310291f1aa') in 0.049266 seconds 
  Import took 0.055849 seconds .

========================================================================
Received Import Request.
  Time since last request: 1.061985 seconds.
  path: Assets/Free Platform Game Assets/Tiles/2D Tiles ( Update 1.9 )/Spring/256x256/GrassRight.png
  artifactKey: Guid(cd0f98a1b9bcee44896e7f7bb37b6afe) Importer(815301076,1909f56bfc062723c751e8b465ee728b)
Start importing Assets/Free Platform Game Assets/Tiles/2D Tiles ( Update 1.9 )/Spring/256x256/GrassRight.png using Guid(cd0f98a1b9bcee44896e7f7bb37b6afe) Importer(815301076,1909f56bfc062723c751e8b465ee728b)  -> (artifact id: '7dfdbaeafefeefc9901aa17e922b8a16') in 0.041065 seconds 
  Import took 0.045830 seconds .

========================================================================
Received Import Request.
  Time since last request: 25.528266 seconds.
  path: Assets/Free Platform Game Assets/Tiles/2D Tiles ( Update 1.9 )/Spring/256x256/GrassJoinHillRight2&Left2.png
  artifactKey: Guid(abc819e191dd6ff48b3f3883b97c7247) Importer(815301076,1909f56bfc062723c751e8b465ee728b)
Start importing Assets/Free Platform Game Assets/Tiles/2D Tiles ( Update 1.9 )/Spring/256x256/GrassJoinHillRight2&Left2.png using Guid(abc819e191dd6ff48b3f3883b97c7247) Importer(815301076,1909f56bfc062723c751e8b465ee728b)  -> (artifact id: '9a3a5a8d5b6132f09a0af4f05a07987e') in 0.020513 seconds 
  Import took 0.023936 seconds .

========================================================================
Received Import Request.
  Time since last request: 6.623525 seconds.
  path: Assets/Free Platform Game Assets/Tiles/2D Tiles ( Update 1.9 )/Spring/256x256/GrassJoinHillRight2&Left2.png
  artifactKey: Guid(abc819e191dd6ff48b3f3883b97c7247) Importer(815301076,1909f56bfc062723c751e8b465ee728b)
Start importing Assets/Free Platform Game Assets/Tiles/2D Tiles ( Update 1.9 )/Spring/256x256/GrassJoinHillRight2&Left2.png using Guid(abc819e191dd6ff48b3f3883b97c7247) Importer(815301076,1909f56bfc062723c751e8b465ee728b)  -> (artifact id: '756e16d06b0815647bc2af314d8be964') in 0.027870 seconds 
  Import took 0.035596 seconds .

========================================================================
Received Prepare
Registering precompiled user dll's ...
Registered in 0.007067 seconds.
Begin MonoManager ReloadAssembly
Native extension for WindowsStandalone target not found
Refreshing native plugins compatible for Editor in 1.26 ms, found 3 plugins.
Preloading 0 native plugins for Editor in 0.00 ms.
Mono: successfully reloaded assembly
- Completed reload, in  2.151 seconds
Domain Reload Profiling:
	ReloadAssembly (2152ms)
		BeginReloadAssembly (170ms)
			ExecutionOrderSort (0ms)
			DisableScriptedObjects (9ms)
			BackupInstance (0ms)
			ReleaseScriptingObjects (0ms)
			CreateAndSetChildDomain (60ms)
		EndReloadAssembly (1855ms)
			LoadAssemblies (143ms)
			RebuildTransferFunctionScriptingTraits (0ms)
			SetupTypeCache (647ms)
			ReleaseScriptCaches (1ms)
			RebuildScriptCaches (78ms)
			SetupLoadedEditorAssemblies (763ms)
				LogAssemblyErrors (0ms)
				InitializePlatformSupportModulesInManaged (8ms)
				SetLoadedEditorAssemblies (1ms)
				RefreshPlugins (1ms)
				BeforeProcessingInitializeOnLoad (157ms)
				ProcessInitializeOnLoadAttributes (543ms)
				ProcessInitializeOnLoadMethodAttributes (34ms)
				AfterProcessingInitializeOnLoad (19ms)
				EditorAssembliesLoaded (0ms)
			ExecutionOrderSort2 (0ms)
			AwakeInstancesAfterBackupRestoration (28ms)
Platform modules already initialized, skipping
Refreshing native plugins compatible for Editor in 1.15 ms, found 3 plugins.
Preloading 0 native plugins for Editor in 0.00 ms.
Unloading 2173 Unused Serialized files (Serialized files now loaded: 0)
System memory in use before: 97.9 MB.
System memory in use after: 98.1 MB.

Unloading 17 unused Assets to reduce memory usage. Loaded Objects now: 2631.
Total: 5.797500 ms (FindLiveObjects: 0.257300 ms CreateObjectMapping: 0.101400 ms MarkObjects: 5.363300 ms  DeleteObjects: 0.074200 ms)

AssetImportParameters requested are different than current active one (requested -> active):
  custom:framework-win-MediaFoundation: 216162199b28c13a410421893ffa2e32 -> 
  custom:video-decoder-ogg-theora: a1e56fd34408186e4bbccfd4996cb3dc -> 
  custom:container-muxer-webm: aa71ff27fc2769a1b78a27578f13a17b -> 
  custom:container-demuxer-webm: 4f35f7cbe854078d1ac9338744f61a02 -> 
  custom:container-demuxer-ogg: 62fdf1f143b41e24485cea50d1cbac27 -> 
  custom:video-encoder-webm-vp8: eb34c28f22e8b96e1ab97ce403110664 -> 
  custom:video-codec-MediaFoundation-h265: 746d11721c4dcdbdad8f713fa42b33f4 -> 
  custom:video-decoder-webm-vp8: 9c59270c3fd7afecdb556c50c9e8de78 -> 
  custom:audio-decoder-ogg-vorbis: bf7c407c2cedff20999df2af8eb42d56 -> 
  custom:audio-encoder-webm-vorbis: bf7c407c2cedff20999df2af8eb42d56 -> 
========================================================================
Received Prepare
Registering precompiled user dll's ...
Registered in 0.007394 seconds.
Begin MonoManager ReloadAssembly
Native extension for WindowsStandalone target not found
Refreshing native plugins compatible for Editor in 0.59 ms, found 3 plugins.
Preloading 0 native plugins for Editor in 0.00 ms.
Mono: successfully reloaded assembly
- Completed reload, in  1.772 seconds
Domain Reload Profiling:
	ReloadAssembly (1772ms)
		BeginReloadAssembly (146ms)
			ExecutionOrderSort (0ms)
			DisableScriptedObjects (10ms)
			BackupInstance (0ms)
			ReleaseScriptingObjects (0ms)
			CreateAndSetChildDomain (47ms)
		EndReloadAssembly (1547ms)
			LoadAssemblies (145ms)
			RebuildTransferFunctionScriptingTraits (0ms)
			SetupTypeCache (387ms)
			ReleaseScriptCaches (1ms)
			RebuildScriptCaches (78ms)
			SetupLoadedEditorAssemblies (748ms)
				LogAssemblyErrors (0ms)
				InitializePlatformSupportModulesInManaged (6ms)
				SetLoadedEditorAssemblies (0ms)
				RefreshPlugins (1ms)
				BeforeProcessingInitializeOnLoad (220ms)
				ProcessInitializeOnLoadAttributes (487ms)
				ProcessInitializeOnLoadMethodAttributes (23ms)
				AfterProcessingInitializeOnLoad (10ms)
				EditorAssembliesLoaded (1ms)
			ExecutionOrderSort2 (0ms)
			AwakeInstancesAfterBackupRestoration (31ms)
Platform modules already initialized, skipping
Refreshing native plugins compatible for Editor in 0.73 ms, found 3 plugins.
Preloading 0 native plugins for Editor in 0.00 ms.
Unloading 2173 Unused Serialized files (Serialized files now loaded: 0)
System memory in use before: 98.0 MB.
System memory in use after: 98.1 MB.

Unloading 17 unused Assets to reduce memory usage. Loaded Objects now: 2633.
Total: 3.185400 ms (FindLiveObjects: 0.242900 ms CreateObjectMapping: 0.098500 ms MarkObjects: 2.823500 ms  DeleteObjects: 0.019400 ms)

AssetImportParameters requested are different than current active one (requested -> active):
  custom:framework-win-MediaFoundation: 216162199b28c13a410421893ffa2e32 -> 
  custom:video-decoder-ogg-theora: a1e56fd34408186e4bbccfd4996cb3dc -> 
  custom:container-muxer-webm: aa71ff27fc2769a1b78a27578f13a17b -> 
  custom:container-demuxer-webm: 4f35f7cbe854078d1ac9338744f61a02 -> 
  custom:container-demuxer-ogg: 62fdf1f143b41e24485cea50d1cbac27 -> 
  custom:video-encoder-webm-vp8: eb34c28f22e8b96e1ab97ce403110664 -> 
  custom:video-codec-MediaFoundation-h265: 746d11721c4dcdbdad8f713fa42b33f4 -> 
  custom:video-decoder-webm-vp8: 9c59270c3fd7afecdb556c50c9e8de78 -> 
  custom:audio-decoder-ogg-vorbis: bf7c407c2cedff20999df2af8eb42d56 -> 
  custom:audio-encoder-webm-vorbis: bf7c407c2cedff20999df2af8eb42d56 -> 
========================================================================
Received Import Request.
  Time since last request: 1140.422751 seconds.
  path: Assets/Scripts
  artifactKey: Guid(326077ccf6791af45b9146e35eb7211d) Importer(815301076,1909f56bfc062723c751e8b465ee728b)
Start importing Assets/Scripts using Guid(326077ccf6791af45b9146e35eb7211d) Importer(815301076,1909f56bfc062723c751e8b465ee728b)  -> (artifact id: '1cad2d0d4825ebde26c7126035d5f874') in 0.024795 seconds 
  Import took 0.029239 seconds .

========================================================================
Received Import Request.
  Time since last request: 0.713948 seconds.
  path: Assets/Animations
  artifactKey: Guid(d313d79c1103c2c4c85b2b87abbe57b9) Importer(815301076,1909f56bfc062723c751e8b465ee728b)
Start importing Assets/Animations using Guid(d313d79c1103c2c4c85b2b87abbe57b9) Importer(815301076,1909f56bfc062723c751e8b465ee728b)  -> (artifact id: '54e2fd7300006db12d11187b29d99a40') in 0.014857 seconds 
  Import took 0.022271 seconds .

========================================================================
Received Import Request.
  Time since last request: 5.241403 seconds.
  path: Assets/Free Platform Game Assets/Water Animation
  artifactKey: Guid(6fab39c948942a5478a7a3e19ce57600) Importer(815301076,1909f56bfc062723c751e8b465ee728b)
Start importing Assets/Free Platform Game Assets/Water Animation using Guid(6fab39c948942a5478a7a3e19ce57600) Importer(815301076,1909f56bfc062723c751e8b465ee728b)  -> (artifact id: '30a75370f38344d80617f30d0c6d039c') in 0.018795 seconds 
  Import took 0.022006 seconds .

========================================================================
Received Import Request.
  Time since last request: 0.352304 seconds.
  path: Assets/Free Platform Game Assets/Preview
  artifactKey: Guid(ce425bb503bd13d4c9b901f084f75e99) Importer(815301076,1909f56bfc062723c751e8b465ee728b)
Start importing Assets/Free Platform Game Assets/Preview using Guid(ce425bb503bd13d4c9b901f084f75e99) Importer(815301076,1909f56bfc062723c751e8b465ee728b)  -> (artifact id: 'f1a9c3119ef0fa8c070fb3b2ce3d7303') in 0.014286 seconds 
  Import took 0.018699 seconds .

========================================================================
Received Import Request.
  Time since last request: 0.420447 seconds.
  path: Assets/Free Platform Game Assets/Environments
  artifactKey: Guid(ad997599ddf88a9409c9e0be9340af00) Importer(815301076,1909f56bfc062723c751e8b465ee728b)
Start importing Assets/Free Platform Game Assets/Environments using Guid(ad997599ddf88a9409c9e0be9340af00) Importer(815301076,1909f56bfc062723c751e8b465ee728b)  -> (artifact id: 'f3e3b117d4280c71e91375761185df17') in 0.014726 seconds 
  Import took 0.020982 seconds .

========================================================================
Received Import Request.
  Time since last request: 0.361605 seconds.
  path: Assets/Free Platform Game Assets/Demo
  artifactKey: Guid(69b113199802cb04cb70b38f02ab0347) Importer(815301076,1909f56bfc062723c751e8b465ee728b)
Start importing Assets/Free Platform Game Assets/Demo using Guid(69b113199802cb04cb70b38f02ab0347) Importer(815301076,1909f56bfc062723c751e8b465ee728b)  -> (artifact id: '687e79b36c264a72f147af8f7b77dfb4') in 0.019294 seconds 
  Import took 0.026081 seconds .

========================================================================
Received Import Request.
  Time since last request: 0.394151 seconds.
  path: Assets/Free Platform Game Assets/Enemies
  artifactKey: Guid(3b72b88c74886834da1ae5d70dd49b83) Importer(815301076,1909f56bfc062723c751e8b465ee728b)
Start importing Assets/Free Platform Game Assets/Enemies using Guid(3b72b88c74886834da1ae5d70dd49b83) Importer(815301076,1909f56bfc062723c751e8b465ee728b)  -> (artifact id: '3baf4f3c9cdd70f18ca1e52f8f28ba14') in 0.015397 seconds 
  Import took 0.020676 seconds .

========================================================================
Received Import Request.
  Time since last request: 0.855695 seconds.
  path: Assets/Free Platform Game Assets/Enemies/Enemies
  artifactKey: Guid(0b42ea14fd16f4142af4d6dbb7e98e9c) Importer(815301076,1909f56bfc062723c751e8b465ee728b)
Start importing Assets/Free Platform Game Assets/Enemies/Enemies using Guid(0b42ea14fd16f4142af4d6dbb7e98e9c) Importer(815301076,1909f56bfc062723c751e8b465ee728b)  -> (artifact id: '3c850ea28cf7fa0d6ca43051684708e9') in 0.016965 seconds 
  Import took 0.026267 seconds .

========================================================================
Received Import Request.
  Time since last request: 1.013475 seconds.
  path: Assets/Free Platform Game Assets/Enemies/Enemies/ai
  artifactKey: Guid(e1b5296b264637443a1ce4f90df98c0a) Importer(815301076,1909f56bfc062723c751e8b465ee728b)
Start importing Assets/Free Platform Game Assets/Enemies/Enemies/ai using Guid(e1b5296b264637443a1ce4f90df98c0a) Importer(815301076,1909f56bfc062723c751e8b465ee728b)  -> (artifact id: '76fd193f5bfc3f6c27737b4cd2bc6ba8') in 0.019044 seconds 
  Import took 0.023785 seconds .

========================================================================
Received Import Request.
  Time since last request: 0.603074 seconds.
  path: Assets/Free Platform Game Assets/Enemies/Enemies/png
  artifactKey: Guid(4f6d3d209fb968546bc13c89f1ba3e36) Importer(815301076,1909f56bfc062723c751e8b465ee728b)
Start importing Assets/Free Platform Game Assets/Enemies/Enemies/png using Guid(4f6d3d209fb968546bc13c89f1ba3e36) Importer(815301076,1909f56bfc062723c751e8b465ee728b)  -> (artifact id: 'a7fed0cdbf2630caa6beb238d470b8b6') in 0.017611 seconds 
  Import took 0.021906 seconds .

========================================================================
Received Import Request.
  Time since last request: 1.205582 seconds.
  path: Assets/Free Platform Game Assets/Enemies/Enemies/png/256x256
  artifactKey: Guid(1db6537a1e239d742a415e9ac91e3d2c) Importer(815301076,1909f56bfc062723c751e8b465ee728b)
Start importing Assets/Free Platform Game Assets/Enemies/Enemies/png/256x256 using Guid(1db6537a1e239d742a415e9ac91e3d2c) Importer(815301076,1909f56bfc062723c751e8b465ee728b)  -> (artifact id: 'd224bde7218eb92b8cf6777247dfda0f') in 0.011943 seconds 
  Import took 0.016493 seconds .

========================================================================
Received Import Request.
  Time since last request: 1.379413 seconds.
  path: Assets/Free Platform Game Assets/Enemies/Enemies/png/256x256/Eyelid 256.png
  artifactKey: Guid(83b690a3a84ed4a409fc005170af0c97) Importer(815301076,1909f56bfc062723c751e8b465ee728b)
Start importing Assets/Free Platform Game Assets/Enemies/Enemies/png/256x256/Eyelid 256.png using Guid(83b690a3a84ed4a409fc005170af0c97) Importer(815301076,1909f56bfc062723c751e8b465ee728b)  -> (artifact id: '1b20e691342834f58be28e47cd19b10f') in 0.096164 seconds 
  Import took 0.099914 seconds .

========================================================================
Received Import Request.
  Time since last request: 0.365058 seconds.
  path: Assets/Free Platform Game Assets/Enemies/Enemies/png/256x256/eye 256.png
  artifactKey: Guid(6cccbf5e59c94fd49ba53ffa48c6fc60) Importer(815301076,1909f56bfc062723c751e8b465ee728b)
Start importing Assets/Free Platform Game Assets/Enemies/Enemies/png/256x256/eye 256.png using Guid(6cccbf5e59c94fd49ba53ffa48c6fc60) Importer(815301076,1909f56bfc062723c751e8b465ee728b)  -> (artifact id: 'e40c3cc0fdc876b0e5747207e0fe9ca0') in 0.048308 seconds 
  Import took 0.052509 seconds .

========================================================================
Received Import Request.
  Time since last request: 0.733892 seconds.
  path: Assets/Free Platform Game Assets/Enemies/Enemies/png/256x256/Mace.png
  artifactKey: Guid(a38f2f3a00fc7e94f910aacead30a1f0) Importer(815301076,1909f56bfc062723c751e8b465ee728b)
Start importing Assets/Free Platform Game Assets/Enemies/Enemies/png/256x256/Mace.png using Guid(a38f2f3a00fc7e94f910aacead30a1f0) Importer(815301076,1909f56bfc062723c751e8b465ee728b)  -> (artifact id: '034c2cbb45d1b52759f8fa47f6711f49') in 0.037262 seconds 
  Import took 0.041378 seconds .

========================================================================
Received Import Request.
  Time since last request: 1.080108 seconds.
  path: Assets/Free Platform Game Assets/Enemies/Enemies/png/256x256/Pupil 256.png
  artifactKey: Guid(a2bdd2a9215d9574aaed3d1a1e2f7f69) Importer(815301076,1909f56bfc062723c751e8b465ee728b)
Start importing Assets/Free Platform Game Assets/Enemies/Enemies/png/256x256/Pupil 256.png using Guid(a2bdd2a9215d9574aaed3d1a1e2f7f69) Importer(815301076,1909f56bfc062723c751e8b465ee728b)  -> (artifact id: '7590beb3df51fe9fe76a9c9fb0ec456e') in 0.040513 seconds 
  Import took 0.044439 seconds .

========================================================================
Received Import Request.
  Time since last request: 0.375123 seconds.
  path: Assets/Free Platform Game Assets/Enemies/Enemies/png/256x256/Saw.png
  artifactKey: Guid(c7751e43ec9b50745985372bf2b0177b) Importer(815301076,1909f56bfc062723c751e8b465ee728b)
Start importing Assets/Free Platform Game Assets/Enemies/Enemies/png/256x256/Saw.png using Guid(c7751e43ec9b50745985372bf2b0177b) Importer(815301076,1909f56bfc062723c751e8b465ee728b)  -> (artifact id: '608b18d84747f59b244906f1f4bd6690') in 0.068955 seconds 
  Import took 0.077125 seconds .

========================================================================
Received Import Request.
  Time since last request: 89.978301 seconds.
  path: Assets/Free Platform Game Assets/Enemies/Enemies/png/256x256/Mac 256.png
  artifactKey: Guid(c7879d290f7325a418ae4d1f02aa1311) Importer(815301076,1909f56bfc062723c751e8b465ee728b)
Start importing Assets/Free Platform Game Assets/Enemies/Enemies/png/256x256/Mac 256.png using Guid(c7879d290f7325a418ae4d1f02aa1311) Importer(815301076,1909f56bfc062723c751e8b465ee728b)  -> (artifact id: '77da0509bcb14e7e5bace08b9b6f774c') in 0.034834 seconds 
  Import took 0.040537 seconds .

========================================================================
Received Import Request.
  Time since last request: 8.919128 seconds.
  path: Assets/Free Platform Game Assets/Enemies/Enemies/png/256x256/Mace.png
  artifactKey: Guid(a38f2f3a00fc7e94f910aacead30a1f0) Importer(815301076,1909f56bfc062723c751e8b465ee728b)
Start importing Assets/Free Platform Game Assets/Enemies/Enemies/png/256x256/Mace.png using Guid(a38f2f3a00fc7e94f910aacead30a1f0) Importer(815301076,1909f56bfc062723c751e8b465ee728b)  -> (artifact id: 'b390997057fd1c0d92efb1f204209bbe') in 0.036859 seconds 
  Import took 0.044577 seconds .

========================================================================
Received Import Request.
  Time since last request: 99.439672 seconds.
  path: Assets/Animations/Chaser.controller
  artifactKey: Guid(ec5d70fb29491c54bb4ec4db55d0d79b) Importer(815301076,1909f56bfc062723c751e8b465ee728b)
Start importing Assets/Animations/Chaser.controller using Guid(ec5d70fb29491c54bb4ec4db55d0d79b) Importer(815301076,1909f56bfc062723c751e8b465ee728b)  -> (artifact id: '08e483b22c5102e44d7004f198ee7770') in 0.014162 seconds 
  Import took 0.022307 seconds .

========================================================================
Received Import Request.
  Time since last request: 6.322865 seconds.
  path: Assets/Animations/Enemy1.controller
  artifactKey: Guid(ec5d70fb29491c54bb4ec4db55d0d79b) Importer(815301076,1909f56bfc062723c751e8b465ee728b)
Start importing Assets/Animations/Enemy1.controller using Guid(ec5d70fb29491c54bb4ec4db55d0d79b) Importer(815301076,1909f56bfc062723c751e8b465ee728b)  -> (artifact id: '23848d03afc3d38ee56f8555e07711ee') in 0.022647 seconds 
  Import took 0.030818 seconds .

========================================================================
Received Import Request.
  Time since last request: 17.778959 seconds.
  path: Assets/Animations/Enemy2.controller
  artifactKey: Guid(44c016bdd14028c4aac4361be2f3bb63) Importer(815301076,1909f56bfc062723c751e8b465ee728b)
Start importing Assets/Animations/Enemy2.controller using Guid(44c016bdd14028c4aac4361be2f3bb63) Importer(815301076,1909f56bfc062723c751e8b465ee728b)  -> (artifact id: '7ea08524adddb8427121a5047fc4b64c') in 0.024959 seconds 
  Import took 0.029098 seconds .

========================================================================
Received Import Request.
  Time since last request: 12.150300 seconds.
  path: Assets/Animations/ChaserDefault.anim
  artifactKey: Guid(32ff0056a6e352d499badbfc4e0eb1d2) Importer(815301076,1909f56bfc062723c751e8b465ee728b)
Start importing Assets/Animations/ChaserDefault.anim using Guid(32ff0056a6e352d499badbfc4e0eb1d2) Importer(815301076,1909f56bfc062723c751e8b465ee728b)  -> (artifact id: '5a265522ff3bded67164ee08fdd73210') in 0.013109 seconds 
  Import took 0.016640 seconds .

========================================================================
Received Import Request.
  Time since last request: 5.381276 seconds.
  path: Assets/Animations/Default.anim
  artifactKey: Guid(32ff0056a6e352d499badbfc4e0eb1d2) Importer(815301076,1909f56bfc062723c751e8b465ee728b)
Start importing Assets/Animations/Default.anim using Guid(32ff0056a6e352d499badbfc4e0eb1d2) Importer(815301076,1909f56bfc062723c751e8b465ee728b)  -> (artifact id: '3fa41b6db17dd39450b2743b86838bdb') in 0.016199 seconds 
  Import took 0.025334 seconds .

========================================================================
Received Import Request.
  Time since last request: 1.214836 seconds.
  path: Assets/Animations/GoInvisible.anim
  artifactKey: Guid(738495f14de232f48b1a38710f243aef) Importer(815301076,1909f56bfc062723c751e8b465ee728b)
Start importing Assets/Animations/GoInvisible.anim using Guid(738495f14de232f48b1a38710f243aef) Importer(815301076,1909f56bfc062723c751e8b465ee728b)  -> (artifact id: '1c9072b47b9a01d3c7711332d1bab639') in 0.029422 seconds 
  Import took 0.033513 seconds .

========================================================================
Received Prepare
Registering precompiled user dll's ...
Registered in 0.027736 seconds.
Begin MonoManager ReloadAssembly
Native extension for WindowsStandalone target not found
Refreshing native plugins compatible for Editor in 1.08 ms, found 3 plugins.
Preloading 0 native plugins for Editor in 0.00 ms.
Mono: successfully reloaded assembly
- Completed reload, in  3.755 seconds
Domain Reload Profiling:
	ReloadAssembly (3756ms)
		BeginReloadAssembly (353ms)
			ExecutionOrderSort (0ms)
			DisableScriptedObjects (36ms)
			BackupInstance (0ms)
			ReleaseScriptingObjects (0ms)
			CreateAndSetChildDomain (145ms)
		EndReloadAssembly (3212ms)
			LoadAssemblies (228ms)
			RebuildTransferFunctionScriptingTraits (0ms)
			SetupTypeCache (720ms)
			ReleaseScriptCaches (1ms)
			RebuildScriptCaches (597ms)
			SetupLoadedEditorAssemblies (1331ms)
				LogAssemblyErrors (0ms)
				InitializePlatformSupportModulesInManaged (10ms)
				SetLoadedEditorAssemblies (1ms)
				RefreshPlugins (1ms)
				BeforeProcessingInitializeOnLoad (257ms)
				ProcessInitializeOnLoadAttributes (970ms)
				ProcessInitializeOnLoadMethodAttributes (63ms)
				AfterProcessingInitializeOnLoad (29ms)
				EditorAssembliesLoaded (0ms)
			ExecutionOrderSort2 (0ms)
			AwakeInstancesAfterBackupRestoration (27ms)
Platform modules already initialized, skipping
Refreshing native plugins compatible for Editor in 5.05 ms, found 3 plugins.
Preloading 0 native plugins for Editor in 0.00 ms.
Unloading 2174 Unused Serialized files (Serialized files now loaded: 0)
System memory in use before: 98.0 MB.
System memory in use after: 98.1 MB.

Unloading 17 unused Assets to reduce memory usage. Loaded Objects now: 2643.
Total: 6.693200 ms (FindLiveObjects: 0.245300 ms CreateObjectMapping: 0.101700 ms MarkObjects: 6.324500 ms  DeleteObjects: 0.020700 ms)

AssetImportParameters requested are different than current active one (requested -> active):
  custom:framework-win-MediaFoundation: 216162199b28c13a410421893ffa2e32 -> 
  custom:video-decoder-ogg-theora: a1e56fd34408186e4bbccfd4996cb3dc -> 
  custom:container-muxer-webm: aa71ff27fc2769a1b78a27578f13a17b -> 
  custom:container-demuxer-webm: 4f35f7cbe854078d1ac9338744f61a02 -> 
  custom:container-demuxer-ogg: 62fdf1f143b41e24485cea50d1cbac27 -> 
  custom:video-encoder-webm-vp8: eb34c28f22e8b96e1ab97ce403110664 -> 
  custom:video-codec-MediaFoundation-h265: 746d11721c4dcdbdad8f713fa42b33f4 -> 
  custom:video-decoder-webm-vp8: 9c59270c3fd7afecdb556c50c9e8de78 -> 
  custom:audio-decoder-ogg-vorbis: bf7c407c2cedff20999df2af8eb42d56 -> 
  custom:audio-encoder-webm-vorbis: bf7c407c2cedff20999df2af8eb42d56 -> 
========================================================================
Received Prepare
Registering precompiled user dll's ...
Registered in 0.007438 seconds.
Begin MonoManager ReloadAssembly
Native extension for WindowsStandalone target not found
Refreshing native plugins compatible for Editor in 4.37 ms, found 3 plugins.
Preloading 0 native plugins for Editor in 0.00 ms.
Mono: successfully reloaded assembly
- Completed reload, in  1.895 seconds
Domain Reload Profiling:
	ReloadAssembly (1895ms)
		BeginReloadAssembly (167ms)
			ExecutionOrderSort (0ms)
			DisableScriptedObjects (15ms)
			BackupInstance (0ms)
			ReleaseScriptingObjects (0ms)
			CreateAndSetChildDomain (68ms)
		EndReloadAssembly (1614ms)
			LoadAssemblies (119ms)
			RebuildTransferFunctionScriptingTraits (0ms)
			SetupTypeCache (379ms)
			ReleaseScriptCaches (1ms)
			RebuildScriptCaches (80ms)
			SetupLoadedEditorAssemblies (652ms)
				LogAssemblyErrors (0ms)
				InitializePlatformSupportModulesInManaged (7ms)
				SetLoadedEditorAssemblies (1ms)
				RefreshPlugins (4ms)
				BeforeProcessingInitializeOnLoad (279ms)
				ProcessInitializeOnLoadAttributes (339ms)
				ProcessInitializeOnLoadMethodAttributes (16ms)
				AfterProcessingInitializeOnLoad (6ms)
				EditorAssembliesLoaded (0ms)
			ExecutionOrderSort2 (0ms)
			AwakeInstancesAfterBackupRestoration (12ms)
Platform modules already initialized, skipping
Refreshing native plugins compatible for Editor in 0.64 ms, found 3 plugins.
Preloading 0 native plugins for Editor in 0.00 ms.
Unloading 2174 Unused Serialized files (Serialized files now loaded: 0)
System memory in use before: 98.0 MB.
System memory in use after: 98.1 MB.

Unloading 17 unused Assets to reduce memory usage. Loaded Objects now: 2645.
Total: 3.454300 ms (FindLiveObjects: 0.258000 ms CreateObjectMapping: 0.228900 ms MarkObjects: 2.944200 ms  DeleteObjects: 0.021100 ms)

AssetImportParameters requested are different than current active one (requested -> active):
  custom:framework-win-MediaFoundation: 216162199b28c13a410421893ffa2e32 -> 
  custom:video-decoder-ogg-theora: a1e56fd34408186e4bbccfd4996cb3dc -> 
  custom:container-muxer-webm: aa71ff27fc2769a1b78a27578f13a17b -> 
  custom:container-demuxer-webm: 4f35f7cbe854078d1ac9338744f61a02 -> 
  custom:container-demuxer-ogg: 62fdf1f143b41e24485cea50d1cbac27 -> 
  custom:video-encoder-webm-vp8: eb34c28f22e8b96e1ab97ce403110664 -> 
  custom:video-codec-MediaFoundation-h265: 746d11721c4dcdbdad8f713fa42b33f4 -> 
  custom:video-decoder-webm-vp8: 9c59270c3fd7afecdb556c50c9e8de78 -> 
  custom:audio-decoder-ogg-vorbis: bf7c407c2cedff20999df2af8eb42d56 -> 
  custom:audio-encoder-webm-vorbis: bf7c407c2cedff20999df2af8eb42d56 -> 
========================================================================
Received Prepare
Registering precompiled user dll's ...
Registered in 0.008691 seconds.
Begin MonoManager ReloadAssembly
Native extension for WindowsStandalone target not found
Refreshing native plugins compatible for Editor in 0.70 ms, found 3 plugins.
Preloading 0 native plugins for Editor in 0.00 ms.
Mono: successfully reloaded assembly
- Completed reload, in  1.537 seconds
Domain Reload Profiling:
	ReloadAssembly (1537ms)
		BeginReloadAssembly (148ms)
			ExecutionOrderSort (0ms)
			DisableScriptedObjects (9ms)
			BackupInstance (0ms)
			ReleaseScriptingObjects (0ms)
			CreateAndSetChildDomain (45ms)
		EndReloadAssembly (1306ms)
			LoadAssemblies (124ms)
			RebuildTransferFunctionScriptingTraits (0ms)
			SetupTypeCache (387ms)
			ReleaseScriptCaches (7ms)
			RebuildScriptCaches (79ms)
			SetupLoadedEditorAssemblies (516ms)
				LogAssemblyErrors (0ms)
				InitializePlatformSupportModulesInManaged (7ms)
				SetLoadedEditorAssemblies (1ms)
				RefreshPlugins (1ms)
				BeforeProcessingInitializeOnLoad (185ms)
				ProcessInitializeOnLoadAttributes (293ms)
				ProcessInitializeOnLoadMethodAttributes (20ms)
				AfterProcessingInitializeOnLoad (9ms)
				EditorAssembliesLoaded (0ms)
			ExecutionOrderSort2 (0ms)
			AwakeInstancesAfterBackupRestoration (17ms)
Platform modules already initialized, skipping
Refreshing native plugins compatible for Editor in 0.80 ms, found 3 plugins.
Preloading 0 native plugins for Editor in 0.00 ms.
Unloading 2174 Unused Serialized files (Serialized files now loaded: 0)
System memory in use before: 98.0 MB.
System memory in use after: 98.1 MB.

Unloading 17 unused Assets to reduce memory usage. Loaded Objects now: 2647.
Total: 3.282400 ms (FindLiveObjects: 0.320100 ms CreateObjectMapping: 0.126100 ms MarkObjects: 2.815700 ms  DeleteObjects: 0.019500 ms)

AssetImportParameters requested are different than current active one (requested -> active):
  custom:framework-win-MediaFoundation: 216162199b28c13a410421893ffa2e32 -> 
  custom:video-decoder-ogg-theora: a1e56fd34408186e4bbccfd4996cb3dc -> 
  custom:container-muxer-webm: aa71ff27fc2769a1b78a27578f13a17b -> 
  custom:container-demuxer-webm: 4f35f7cbe854078d1ac9338744f61a02 -> 
  custom:container-demuxer-ogg: 62fdf1f143b41e24485cea50d1cbac27 -> 
  custom:video-encoder-webm-vp8: eb34c28f22e8b96e1ab97ce403110664 -> 
  custom:video-codec-MediaFoundation-h265: 746d11721c4dcdbdad8f713fa42b33f4 -> 
  custom:video-decoder-webm-vp8: 9c59270c3fd7afecdb556c50c9e8de78 -> 
  custom:audio-decoder-ogg-vorbis: bf7c407c2cedff20999df2af8eb42d56 -> 
  custom:audio-encoder-webm-vorbis: bf7c407c2cedff20999df2af8eb42d56 -> 
========================================================================
Received Prepare
Registering precompiled user dll's ...
Registered in 0.013920 seconds.
Begin MonoManager ReloadAssembly
Native extension for WindowsStandalone target not found
Refreshing native plugins compatible for Editor in 0.62 ms, found 3 plugins.
Preloading 0 native plugins for Editor in 0.00 ms.
Mono: successfully reloaded assembly
- Completed reload, in  1.773 seconds
Domain Reload Profiling:
	ReloadAssembly (1773ms)
		BeginReloadAssembly (183ms)
			ExecutionOrderSort (0ms)
			DisableScriptedObjects (7ms)
			BackupInstance (0ms)
			ReleaseScriptingObjects (0ms)
			CreateAndSetChildDomain (60ms)
		EndReloadAssembly (1488ms)
			LoadAssemblies (233ms)
			RebuildTransferFunctionScriptingTraits (0ms)
			SetupTypeCache (454ms)
			ReleaseScriptCaches (1ms)
			RebuildScriptCaches (64ms)
			SetupLoadedEditorAssemblies (574ms)
				LogAssemblyErrors (0ms)
				InitializePlatformSupportModulesInManaged (8ms)
				SetLoadedEditorAssemblies (1ms)
				RefreshPlugins (1ms)
				BeforeProcessingInitializeOnLoad (128ms)
				ProcessInitializeOnLoadAttributes (416ms)
				ProcessInitializeOnLoadMethodAttributes (13ms)
				AfterProcessingInitializeOnLoad (6ms)
				EditorAssembliesLoaded (1ms)
			ExecutionOrderSort2 (0ms)
			AwakeInstancesAfterBackupRestoration (18ms)
Platform modules already initialized, skipping
Refreshing native plugins compatible for Editor in 0.59 ms, found 3 plugins.
Preloading 0 native plugins for Editor in 0.00 ms.
Unloading 2174 Unused Serialized files (Serialized files now loaded: 0)
System memory in use before: 98.0 MB.
System memory in use after: 98.2 MB.

Unloading 17 unused Assets to reduce memory usage. Loaded Objects now: 2649.
Total: 4.136200 ms (FindLiveObjects: 0.253000 ms CreateObjectMapping: 0.106400 ms MarkObjects: 3.752400 ms  DeleteObjects: 0.023400 ms)

AssetImportParameters requested are different than current active one (requested -> active):
  custom:framework-win-MediaFoundation: 216162199b28c13a410421893ffa2e32 -> 
  custom:video-decoder-ogg-theora: a1e56fd34408186e4bbccfd4996cb3dc -> 
  custom:container-muxer-webm: aa71ff27fc2769a1b78a27578f13a17b -> 
  custom:container-demuxer-webm: 4f35f7cbe854078d1ac9338744f61a02 -> 
  custom:container-demuxer-ogg: 62fdf1f143b41e24485cea50d1cbac27 -> 
  custom:video-encoder-webm-vp8: eb34c28f22e8b96e1ab97ce403110664 -> 
  custom:video-codec-MediaFoundation-h265: 746d11721c4dcdbdad8f713fa42b33f4 -> 
  custom:video-decoder-webm-vp8: 9c59270c3fd7afecdb556c50c9e8de78 -> 
  custom:audio-decoder-ogg-vorbis: bf7c407c2cedff20999df2af8eb42d56 -> 
  custom:audio-encoder-webm-vorbis: bf7c407c2cedff20999df2af8eb42d56 -> 
========================================================================
Received Prepare
Registering precompiled user dll's ...
Registered in 0.009324 seconds.
Begin MonoManager ReloadAssembly
Native extension for WindowsStandalone target not found
Refreshing native plugins compatible for Editor in 0.69 ms, found 3 plugins.
Preloading 0 native plugins for Editor in 0.00 ms.
Mono: successfully reloaded assembly
- Completed reload, in  4.338 seconds
Domain Reload Profiling:
	ReloadAssembly (4339ms)
		BeginReloadAssembly (340ms)
			ExecutionOrderSort (0ms)
			DisableScriptedObjects (19ms)
			BackupInstance (0ms)
			ReleaseScriptingObjects (0ms)
			CreateAndSetChildDomain (102ms)
		EndReloadAssembly (3849ms)
			LoadAssemblies (607ms)
			RebuildTransferFunctionScriptingTraits (0ms)
			SetupTypeCache (1101ms)
			ReleaseScriptCaches (1ms)
			RebuildScriptCaches (278ms)
			SetupLoadedEditorAssemblies (736ms)
				LogAssemblyErrors (0ms)
				InitializePlatformSupportModulesInManaged (17ms)
				SetLoadedEditorAssemblies (1ms)
				RefreshPlugins (1ms)
				BeforeProcessingInitializeOnLoad (266ms)
				ProcessInitializeOnLoadAttributes (416ms)
				ProcessInitializeOnLoadMethodAttributes (25ms)
				AfterProcessingInitializeOnLoad (10ms)
				EditorAssembliesLoaded (0ms)
			ExecutionOrderSort2 (0ms)
			AwakeInstancesAfterBackupRestoration (18ms)
Platform modules already initialized, skipping
Refreshing native plugins compatible for Editor in 0.98 ms, found 3 plugins.
Preloading 0 native plugins for Editor in 0.00 ms.
Unloading 2174 Unused Serialized files (Serialized files now loaded: 0)
System memory in use before: 98.0 MB.
System memory in use after: 98.2 MB.

Unloading 17 unused Assets to reduce memory usage. Loaded Objects now: 2651.
Total: 3.239400 ms (FindLiveObjects: 0.200200 ms CreateObjectMapping: 0.088300 ms MarkObjects: 2.929800 ms  DeleteObjects: 0.020200 ms)

AssetImportParameters requested are different than current active one (requested -> active):
  custom:framework-win-MediaFoundation: 216162199b28c13a410421893ffa2e32 -> 
  custom:video-decoder-ogg-theora: a1e56fd34408186e4bbccfd4996cb3dc -> 
  custom:container-muxer-webm: aa71ff27fc2769a1b78a27578f13a17b -> 
  custom:container-demuxer-webm: 4f35f7cbe854078d1ac9338744f61a02 -> 
  custom:container-demuxer-ogg: 62fdf1f143b41e24485cea50d1cbac27 -> 
  custom:video-encoder-webm-vp8: eb34c28f22e8b96e1ab97ce403110664 -> 
  custom:video-codec-MediaFoundation-h265: 746d11721c4dcdbdad8f713fa42b33f4 -> 
  custom:video-decoder-webm-vp8: 9c59270c3fd7afecdb556c50c9e8de78 -> 
  custom:audio-decoder-ogg-vorbis: bf7c407c2cedff20999df2af8eb42d56 -> 
  custom:audio-encoder-webm-vorbis: bf7c407c2cedff20999df2af8eb42d56 -> 
========================================================================
Received Prepare
Registering precompiled user dll's ...
Registered in 0.013804 seconds.
Begin MonoManager ReloadAssembly
Native extension for WindowsStandalone target not found
Refreshing native plugins compatible for Editor in 1.02 ms, found 3 plugins.
Preloading 0 native plugins for Editor in 0.00 ms.
Mono: successfully reloaded assembly
- Completed reload, in  1.743 seconds
Domain Reload Profiling:
	ReloadAssembly (1743ms)
		BeginReloadAssembly (147ms)
			ExecutionOrderSort (0ms)
			DisableScriptedObjects (13ms)
			BackupInstance (0ms)
			ReleaseScriptingObjects (0ms)
			CreateAndSetChildDomain (46ms)
		EndReloadAssembly (1488ms)
			LoadAssemblies (243ms)
			RebuildTransferFunctionScriptingTraits (0ms)
			SetupTypeCache (489ms)
			ReleaseScriptCaches (1ms)
			RebuildScriptCaches (71ms)
			SetupLoadedEditorAssemblies (500ms)
				LogAssemblyErrors (0ms)
				InitializePlatformSupportModulesInManaged (8ms)
				SetLoadedEditorAssemblies (1ms)
				RefreshPlugins (1ms)
				BeforeProcessingInitializeOnLoad (129ms)
				ProcessInitializeOnLoadAttributes (319ms)
				ProcessInitializeOnLoadMethodAttributes (33ms)
				AfterProcessingInitializeOnLoad (10ms)
				EditorAssembliesLoaded (0ms)
			ExecutionOrderSort2 (0ms)
			AwakeInstancesAfterBackupRestoration (26ms)
Platform modules already initialized, skipping
Refreshing native plugins compatible for Editor in 1.18 ms, found 3 plugins.
Preloading 0 native plugins for Editor in 0.00 ms.
Unloading 2174 Unused Serialized files (Serialized files now loaded: 0)
System memory in use before: 98.0 MB.
System memory in use after: 98.2 MB.

Unloading 17 unused Assets to reduce memory usage. Loaded Objects now: 2653.
Total: 4.432800 ms (FindLiveObjects: 0.308800 ms CreateObjectMapping: 0.128900 ms MarkObjects: 3.971600 ms  DeleteObjects: 0.022400 ms)

AssetImportParameters requested are different than current active one (requested -> active):
  custom:framework-win-MediaFoundation: 216162199b28c13a410421893ffa2e32 -> 
  custom:video-decoder-ogg-theora: a1e56fd34408186e4bbccfd4996cb3dc -> 
  custom:container-muxer-webm: aa71ff27fc2769a1b78a27578f13a17b -> 
  custom:container-demuxer-webm: 4f35f7cbe854078d1ac9338744f61a02 -> 
  custom:container-demuxer-ogg: 62fdf1f143b41e24485cea50d1cbac27 -> 
  custom:video-encoder-webm-vp8: eb34c28f22e8b96e1ab97ce403110664 -> 
  custom:video-codec-MediaFoundation-h265: 746d11721c4dcdbdad8f713fa42b33f4 -> 
  custom:video-decoder-webm-vp8: 9c59270c3fd7afecdb556c50c9e8de78 -> 
  custom:audio-decoder-ogg-vorbis: bf7c407c2cedff20999df2af8eb42d56 -> 
  custom:audio-encoder-webm-vorbis: bf7c407c2cedff20999df2af8eb42d56 -> 
========================================================================
Received Import Request.
  Time since last request: 1169.542955 seconds.
  path: ProjectSettings/TagManager.asset
  artifactKey: Guid(00000000000000003000000000000000) Importer(815301076,1909f56bfc062723c751e8b465ee728b)
Start importing ProjectSettings/TagManager.asset using Guid(00000000000000003000000000000000) Importer(815301076,1909f56bfc062723c751e8b465ee728b)  -> (artifact id: '95df672b4aaba54310d34c83eef51bb8') in 0.040728 seconds 
  Import took 0.045371 seconds .

========================================================================
Received Import Request.
  Time since last request: 11.726057 seconds.
  path: Assets/Animations/Enemy2.controller
  artifactKey: Guid(44c016bdd14028c4aac4361be2f3bb63) Importer(815301076,1909f56bfc062723c751e8b465ee728b)
Start importing Assets/Animations/Enemy2.controller using Guid(44c016bdd14028c4aac4361be2f3bb63) Importer(815301076,1909f56bfc062723c751e8b465ee728b)  -> (artifact id: '678dab3a031d377b391c42f829bf541b') in 0.026977 seconds 
  Import took 0.034895 seconds .

========================================================================
Received Prepare
Registering precompiled user dll's ...
Registered in 0.009766 seconds.
Begin MonoManager ReloadAssembly
Native extension for WindowsStandalone target not found
Refreshing native plugins compatible for Editor in 19.77 ms, found 3 plugins.
Preloading 0 native plugins for Editor in 0.00 ms.
Mono: successfully reloaded assembly
- Completed reload, in  3.084 seconds
Domain Reload Profiling:
	ReloadAssembly (3085ms)
		BeginReloadAssembly (242ms)
			ExecutionOrderSort (0ms)
			DisableScriptedObjects (9ms)
			BackupInstance (0ms)
			ReleaseScriptingObjects (0ms)
			CreateAndSetChildDomain (89ms)
		EndReloadAssembly (2751ms)
			LoadAssemblies (170ms)
			RebuildTransferFunctionScriptingTraits (0ms)
			SetupTypeCache (461ms)
			ReleaseScriptCaches (4ms)
			RebuildScriptCaches (229ms)
			SetupLoadedEditorAssemblies (849ms)
				LogAssemblyErrors (0ms)
				InitializePlatformSupportModulesInManaged (12ms)
				SetLoadedEditorAssemblies (5ms)
				RefreshPlugins (20ms)
				BeforeProcessingInitializeOnLoad (189ms)
				ProcessInitializeOnLoadAttributes (541ms)
				ProcessInitializeOnLoadMethodAttributes (73ms)
				AfterProcessingInitializeOnLoad (9ms)
				EditorAssembliesLoaded (0ms)
			ExecutionOrderSort2 (0ms)
			AwakeInstancesAfterBackupRestoration (19ms)
Platform modules already initialized, skipping
Refreshing native plugins compatible for Editor in 0.60 ms, found 3 plugins.
Preloading 0 native plugins for Editor in 0.00 ms.
Unloading 2174 Unused Serialized files (Serialized files now loaded: 0)
System memory in use before: 98.1 MB.
System memory in use after: 98.2 MB.

Unloading 18 unused Assets to reduce memory usage. Loaded Objects now: 2655.
Total: 6.130400 ms (FindLiveObjects: 1.328400 ms CreateObjectMapping: 0.195400 ms MarkObjects: 4.581700 ms  DeleteObjects: 0.023700 ms)

AssetImportParameters requested are different than current active one (requested -> active):
  custom:framework-win-MediaFoundation: 216162199b28c13a410421893ffa2e32 -> 
  custom:video-decoder-ogg-theora: a1e56fd34408186e4bbccfd4996cb3dc -> 
  custom:container-muxer-webm: aa71ff27fc2769a1b78a27578f13a17b -> 
  custom:container-demuxer-webm: 4f35f7cbe854078d1ac9338744f61a02 -> 
  custom:container-demuxer-ogg: 62fdf1f143b41e24485cea50d1cbac27 -> 
  custom:video-encoder-webm-vp8: eb34c28f22e8b96e1ab97ce403110664 -> 
  custom:video-codec-MediaFoundation-h265: 746d11721c4dcdbdad8f713fa42b33f4 -> 
  custom:video-decoder-webm-vp8: 9c59270c3fd7afecdb556c50c9e8de78 -> 
  custom:audio-decoder-ogg-vorbis: bf7c407c2cedff20999df2af8eb42d56 -> 
  custom:audio-encoder-webm-vorbis: bf7c407c2cedff20999df2af8eb42d56 -> 
========================================================================
Received Prepare
Registering precompiled user dll's ...
Registered in 0.007216 seconds.
Begin MonoManager ReloadAssembly
Native extension for WindowsStandalone target not found
Refreshing native plugins compatible for Editor in 0.97 ms, found 3 plugins.
Preloading 0 native plugins for Editor in 0.00 ms.
Mono: successfully reloaded assembly
- Completed reload, in  1.774 seconds
Domain Reload Profiling:
	ReloadAssembly (1774ms)
		BeginReloadAssembly (176ms)
			ExecutionOrderSort (0ms)
			DisableScriptedObjects (21ms)
			BackupInstance (0ms)
			ReleaseScriptingObjects (0ms)
			CreateAndSetChildDomain (48ms)
		EndReloadAssembly (1472ms)
			LoadAssemblies (143ms)
			RebuildTransferFunctionScriptingTraits (0ms)
			SetupTypeCache (451ms)
			ReleaseScriptCaches (2ms)
			RebuildScriptCaches (81ms)
			SetupLoadedEditorAssemblies (630ms)
				LogAssemblyErrors (0ms)
				InitializePlatformSupportModulesInManaged (10ms)
				SetLoadedEditorAssemblies (0ms)
				RefreshPlugins (1ms)
				BeforeProcessingInitializeOnLoad (171ms)
				ProcessInitializeOnLoadAttributes (396ms)
				ProcessInitializeOnLoadMethodAttributes (23ms)
				AfterProcessingInitializeOnLoad (28ms)
				EditorAssembliesLoaded (0ms)
			ExecutionOrderSort2 (0ms)
			AwakeInstancesAfterBackupRestoration (12ms)
Platform modules already initialized, skipping
Refreshing native plugins compatible for Editor in 0.61 ms, found 3 plugins.
Preloading 0 native plugins for Editor in 0.00 ms.
Unloading 2174 Unused Serialized files (Serialized files now loaded: 0)
System memory in use before: 98.1 MB.
System memory in use after: 98.2 MB.

Unloading 17 unused Assets to reduce memory usage. Loaded Objects now: 2657.
Total: 3.903800 ms (FindLiveObjects: 0.194500 ms CreateObjectMapping: 0.080300 ms MarkObjects: 3.606000 ms  DeleteObjects: 0.021800 ms)

AssetImportParameters requested are different than current active one (requested -> active):
  custom:framework-win-MediaFoundation: 216162199b28c13a410421893ffa2e32 -> 
  custom:video-decoder-ogg-theora: a1e56fd34408186e4bbccfd4996cb3dc -> 
  custom:container-muxer-webm: aa71ff27fc2769a1b78a27578f13a17b -> 
  custom:container-demuxer-webm: 4f35f7cbe854078d1ac9338744f61a02 -> 
  custom:container-demuxer-ogg: 62fdf1f143b41e24485cea50d1cbac27 -> 
  custom:video-encoder-webm-vp8: eb34c28f22e8b96e1ab97ce403110664 -> 
  custom:video-codec-MediaFoundation-h265: 746d11721c4dcdbdad8f713fa42b33f4 -> 
  custom:video-decoder-webm-vp8: 9c59270c3fd7afecdb556c50c9e8de78 -> 
  custom:audio-decoder-ogg-vorbis: bf7c407c2cedff20999df2af8eb42d56 -> 
  custom:audio-encoder-webm-vorbis: bf7c407c2cedff20999df2af8eb42d56 -> 
========================================================================
Received Prepare
Registering precompiled user dll's ...
Registered in 0.011516 seconds.
Begin MonoManager ReloadAssembly
Native extension for WindowsStandalone target not found
Refreshing native plugins compatible for Editor in 0.57 ms, found 3 plugins.
Preloading 0 native plugins for Editor in 0.00 ms.
Mono: successfully reloaded assembly
- Completed reload, in  1.566 seconds
Domain Reload Profiling:
	ReloadAssembly (1566ms)
		BeginReloadAssembly (131ms)
			ExecutionOrderSort (0ms)
			DisableScriptedObjects (8ms)
			BackupInstance (0ms)
			ReleaseScriptingObjects (0ms)
			CreateAndSetChildDomain (40ms)
		EndReloadAssembly (1356ms)
			LoadAssemblies (119ms)
			RebuildTransferFunctionScriptingTraits (0ms)
			SetupTypeCache (520ms)
			ReleaseScriptCaches (1ms)
			RebuildScriptCaches (81ms)
			SetupLoadedEditorAssemblies (479ms)
				LogAssemblyErrors (0ms)
				InitializePlatformSupportModulesInManaged (8ms)
				SetLoadedEditorAssemblies (0ms)
				RefreshPlugins (1ms)
				BeforeProcessingInitializeOnLoad (140ms)
				ProcessInitializeOnLoadAttributes (306ms)
				ProcessInitializeOnLoadMethodAttributes (17ms)
				AfterProcessingInitializeOnLoad (7ms)
				EditorAssembliesLoaded (0ms)
			ExecutionOrderSort2 (0ms)
			AwakeInstancesAfterBackupRestoration (10ms)
Platform modules already initialized, skipping
Refreshing native plugins compatible for Editor in 0.58 ms, found 3 plugins.
Preloading 0 native plugins for Editor in 0.00 ms.
Unloading 2174 Unused Serialized files (Serialized files now loaded: 0)
System memory in use before: 98.1 MB.
System memory in use after: 98.2 MB.

Unloading 17 unused Assets to reduce memory usage. Loaded Objects now: 2659.
Total: 4.636100 ms (FindLiveObjects: 0.317400 ms CreateObjectMapping: 0.125600 ms MarkObjects: 4.173400 ms  DeleteObjects: 0.018500 ms)

AssetImportParameters requested are different than current active one (requested -> active):
  custom:framework-win-MediaFoundation: 216162199b28c13a410421893ffa2e32 -> 
  custom:video-decoder-ogg-theora: a1e56fd34408186e4bbccfd4996cb3dc -> 
  custom:container-muxer-webm: aa71ff27fc2769a1b78a27578f13a17b -> 
  custom:container-demuxer-webm: 4f35f7cbe854078d1ac9338744f61a02 -> 
  custom:container-demuxer-ogg: 62fdf1f143b41e24485cea50d1cbac27 -> 
  custom:video-encoder-webm-vp8: eb34c28f22e8b96e1ab97ce403110664 -> 
  custom:video-codec-MediaFoundation-h265: 746d11721c4dcdbdad8f713fa42b33f4 -> 
  custom:video-decoder-webm-vp8: 9c59270c3fd7afecdb556c50c9e8de78 -> 
  custom:audio-decoder-ogg-vorbis: bf7c407c2cedff20999df2af8eb42d56 -> 
  custom:audio-encoder-webm-vorbis: bf7c407c2cedff20999df2af8eb42d56 -> 
========================================================================
Received Prepare
Registering precompiled user dll's ...
Registered in 0.006246 seconds.
Begin MonoManager ReloadAssembly
Native extension for WindowsStandalone target not found
Refreshing native plugins compatible for Editor in 0.74 ms, found 3 plugins.
Preloading 0 native plugins for Editor in 0.00 ms.
Mono: successfully reloaded assembly
- Completed reload, in  1.750 seconds
Domain Reload Profiling:
	ReloadAssembly (1750ms)
		BeginReloadAssembly (142ms)
			ExecutionOrderSort (0ms)
			DisableScriptedObjects (8ms)
			BackupInstance (0ms)
			ReleaseScriptingObjects (0ms)
			CreateAndSetChildDomain (44ms)
		EndReloadAssembly (1521ms)
			LoadAssemblies (124ms)
			RebuildTransferFunctionScriptingTraits (0ms)
			SetupTypeCache (576ms)
			ReleaseScriptCaches (1ms)
			RebuildScriptCaches (65ms)
			SetupLoadedEditorAssemblies (541ms)
				LogAssemblyErrors (0ms)
				InitializePlatformSupportModulesInManaged (8ms)
				SetLoadedEditorAssemblies (0ms)
				RefreshPlugins (5ms)
				BeforeProcessingInitializeOnLoad (147ms)
				ProcessInitializeOnLoadAttributes (360ms)
				ProcessInitializeOnLoadMethodAttributes (13ms)
				AfterProcessingInitializeOnLoad (7ms)
				EditorAssembliesLoaded (0ms)
			ExecutionOrderSort2 (0ms)
			AwakeInstancesAfterBackupRestoration (14ms)
Platform modules already initialized, skipping
Refreshing native plugins compatible for Editor in 0.74 ms, found 3 plugins.
Preloading 0 native plugins for Editor in 0.00 ms.
Unloading 2174 Unused Serialized files (Serialized files now loaded: 0)
System memory in use before: 98.1 MB.
System memory in use after: 98.2 MB.

Unloading 17 unused Assets to reduce memory usage. Loaded Objects now: 2661.
Total: 6.305000 ms (FindLiveObjects: 0.240800 ms CreateObjectMapping: 0.099900 ms MarkObjects: 5.940700 ms  DeleteObjects: 0.022200 ms)

AssetImportParameters requested are different than current active one (requested -> active):
  custom:framework-win-MediaFoundation: 216162199b28c13a410421893ffa2e32 -> 
  custom:video-decoder-ogg-theora: a1e56fd34408186e4bbccfd4996cb3dc -> 
  custom:container-muxer-webm: aa71ff27fc2769a1b78a27578f13a17b -> 
  custom:container-demuxer-webm: 4f35f7cbe854078d1ac9338744f61a02 -> 
  custom:container-demuxer-ogg: 62fdf1f143b41e24485cea50d1cbac27 -> 
  custom:video-encoder-webm-vp8: eb34c28f22e8b96e1ab97ce403110664 -> 
  custom:video-codec-MediaFoundation-h265: 746d11721c4dcdbdad8f713fa42b33f4 -> 
  custom:video-decoder-webm-vp8: 9c59270c3fd7afecdb556c50c9e8de78 -> 
  custom:audio-decoder-ogg-vorbis: bf7c407c2cedff20999df2af8eb42d56 -> 
  custom:audio-encoder-webm-vorbis: bf7c407c2cedff20999df2af8eb42d56 -> 
========================================================================
Received Import Request.
  Time since last request: 252.349583 seconds.
  path: Assets/Animations/Enemy1.controller
  artifactKey: Guid(ec5d70fb29491c54bb4ec4db55d0d79b) Importer(815301076,1909f56bfc062723c751e8b465ee728b)
Start importing Assets/Animations/Enemy1.controller using Guid(ec5d70fb29491c54bb4ec4db55d0d79b) Importer(815301076,1909f56bfc062723c751e8b465ee728b)  -> (artifact id: '22a65b5e5fefb6646c24b43f43ffe1f9') in 0.067660 seconds 
  Import took 0.078169 seconds .

========================================================================
Received Prepare
Registering precompiled user dll's ...
Registered in 0.007660 seconds.
Begin MonoManager ReloadAssembly
Native extension for WindowsStandalone target not found
Refreshing native plugins compatible for Editor in 0.78 ms, found 3 plugins.
Preloading 0 native plugins for Editor in 0.00 ms.
Mono: successfully reloaded assembly
- Completed reload, in  2.488 seconds
Domain Reload Profiling:
	ReloadAssembly (2488ms)
		BeginReloadAssembly (328ms)
			ExecutionOrderSort (0ms)
			DisableScriptedObjects (10ms)
			BackupInstance (0ms)
			ReleaseScriptingObjects (0ms)
			CreateAndSetChildDomain (82ms)
		EndReloadAssembly (2068ms)
			LoadAssemblies (273ms)
			RebuildTransferFunctionScriptingTraits (0ms)
			SetupTypeCache (684ms)
			ReleaseScriptCaches (1ms)
			RebuildScriptCaches (83ms)
			SetupLoadedEditorAssemblies (972ms)
				LogAssemblyErrors (0ms)
				InitializePlatformSupportModulesInManaged (7ms)
				SetLoadedEditorAssemblies (1ms)
				RefreshPlugins (1ms)
				BeforeProcessingInitializeOnLoad (354ms)
				ProcessInitializeOnLoadAttributes (582ms)
				ProcessInitializeOnLoadMethodAttributes (17ms)
				AfterProcessingInitializeOnLoad (10ms)
				EditorAssembliesLoaded (0ms)
			ExecutionOrderSort2 (0ms)
			AwakeInstancesAfterBackupRestoration (14ms)
Platform modules already initialized, skipping
Refreshing native plugins compatible for Editor in 0.67 ms, found 3 plugins.
Preloading 0 native plugins for Editor in 0.00 ms.
Unloading 2174 Unused Serialized files (Serialized files now loaded: 0)
System memory in use before: 98.1 MB.
System memory in use after: 98.2 MB.

Unloading 17 unused Assets to reduce memory usage. Loaded Objects now: 2663.
Total: 3.867600 ms (FindLiveObjects: 0.496300 ms CreateObjectMapping: 0.151600 ms MarkObjects: 3.197600 ms  DeleteObjects: 0.020300 ms)

AssetImportParameters requested are different than current active one (requested -> active):
  custom:framework-win-MediaFoundation: 216162199b28c13a410421893ffa2e32 -> 
  custom:video-decoder-ogg-theora: a1e56fd34408186e4bbccfd4996cb3dc -> 
  custom:container-muxer-webm: aa71ff27fc2769a1b78a27578f13a17b -> 
  custom:container-demuxer-webm: 4f35f7cbe854078d1ac9338744f61a02 -> 
  custom:container-demuxer-ogg: 62fdf1f143b41e24485cea50d1cbac27 -> 
  custom:video-encoder-webm-vp8: eb34c28f22e8b96e1ab97ce403110664 -> 
  custom:video-codec-MediaFoundation-h265: 746d11721c4dcdbdad8f713fa42b33f4 -> 
  custom:video-decoder-webm-vp8: 9c59270c3fd7afecdb556c50c9e8de78 -> 
  custom:audio-decoder-ogg-vorbis: bf7c407c2cedff20999df2af8eb42d56 -> 
  custom:audio-encoder-webm-vorbis: bf7c407c2cedff20999df2af8eb42d56 -> 
========================================================================
Received Prepare
Registering precompiled user dll's ...
Registered in 0.008872 seconds.
Begin MonoManager ReloadAssembly
Native extension for WindowsStandalone target not found
Refreshing native plugins compatible for Editor in 0.67 ms, found 3 plugins.
Preloading 0 native plugins for Editor in 0.00 ms.
Mono: successfully reloaded assembly
- Completed reload, in  1.346 seconds
Domain Reload Profiling:
	ReloadAssembly (1346ms)
		BeginReloadAssembly (137ms)
			ExecutionOrderSort (0ms)
			DisableScriptedObjects (8ms)
			BackupInstance (0ms)
			ReleaseScriptingObjects (0ms)
			CreateAndSetChildDomain (47ms)
		EndReloadAssembly (1120ms)
			LoadAssemblies (121ms)
			RebuildTransferFunctionScriptingTraits (0ms)
			SetupTypeCache (371ms)
			ReleaseScriptCaches (1ms)
			RebuildScriptCaches (66ms)
			SetupLoadedEditorAssemblies (428ms)
				LogAssemblyErrors (0ms)
				InitializePlatformSupportModulesInManaged (9ms)
				SetLoadedEditorAssemblies (1ms)
				RefreshPlugins (1ms)
				BeforeProcessingInitializeOnLoad (113ms)
				ProcessInitializeOnLoadAttributes (283ms)
				ProcessInitializeOnLoadMethodAttributes (13ms)
				AfterProcessingInitializeOnLoad (8ms)
				EditorAssembliesLoaded (0ms)
			ExecutionOrderSort2 (0ms)
			AwakeInstancesAfterBackupRestoration (12ms)
Platform modules already initialized, skipping
Refreshing native plugins compatible for Editor in 0.59 ms, found 3 plugins.
Preloading 0 native plugins for Editor in 0.00 ms.
Unloading 2174 Unused Serialized files (Serialized files now loaded: 0)
System memory in use before: 98.1 MB.
System memory in use after: 98.2 MB.

Unloading 17 unused Assets to reduce memory usage. Loaded Objects now: 2665.
Total: 3.733200 ms (FindLiveObjects: 0.194100 ms CreateObjectMapping: 0.080500 ms MarkObjects: 3.436600 ms  DeleteObjects: 0.020900 ms)

AssetImportParameters requested are different than current active one (requested -> active):
  custom:framework-win-MediaFoundation: 216162199b28c13a410421893ffa2e32 -> 
  custom:video-decoder-ogg-theora: a1e56fd34408186e4bbccfd4996cb3dc -> 
  custom:container-muxer-webm: aa71ff27fc2769a1b78a27578f13a17b -> 
  custom:container-demuxer-webm: 4f35f7cbe854078d1ac9338744f61a02 -> 
  custom:container-demuxer-ogg: 62fdf1f143b41e24485cea50d1cbac27 -> 
  custom:video-encoder-webm-vp8: eb34c28f22e8b96e1ab97ce403110664 -> 
  custom:video-codec-MediaFoundation-h265: 746d11721c4dcdbdad8f713fa42b33f4 -> 
  custom:video-decoder-webm-vp8: 9c59270c3fd7afecdb556c50c9e8de78 -> 
  custom:audio-decoder-ogg-vorbis: bf7c407c2cedff20999df2af8eb42d56 -> 
  custom:audio-encoder-webm-vorbis: bf7c407c2cedff20999df2af8eb42d56 -> 
========================================================================
Received Prepare
Registering precompiled user dll's ...
Registered in 0.023227 seconds.
Begin MonoManager ReloadAssembly
Native extension for WindowsStandalone target not found
Refreshing native plugins compatible for Editor in 0.85 ms, found 3 plugins.
Preloading 0 native plugins for Editor in 0.00 ms.
Mono: successfully reloaded assembly
- Completed reload, in  2.784 seconds
Domain Reload Profiling:
	ReloadAssembly (2785ms)
		BeginReloadAssembly (212ms)
			ExecutionOrderSort (0ms)
			DisableScriptedObjects (14ms)
			BackupInstance (0ms)
			ReleaseScriptingObjects (0ms)
			CreateAndSetChildDomain (55ms)
		EndReloadAssembly (2431ms)
			LoadAssemblies (261ms)
			RebuildTransferFunctionScriptingTraits (0ms)
			SetupTypeCache (884ms)
			ReleaseScriptCaches (4ms)
			RebuildScriptCaches (100ms)
			SetupLoadedEditorAssemblies (645ms)
				LogAssemblyErrors (0ms)
				InitializePlatformSupportModulesInManaged (21ms)
				SetLoadedEditorAssemblies (1ms)
				RefreshPlugins (1ms)
				BeforeProcessingInitializeOnLoad (263ms)
				ProcessInitializeOnLoadAttributes (319ms)
				ProcessInitializeOnLoadMethodAttributes (30ms)
				AfterProcessingInitializeOnLoad (10ms)
				EditorAssembliesLoaded (0ms)
			ExecutionOrderSort2 (0ms)
			AwakeInstancesAfterBackupRestoration (20ms)
Platform modules already initialized, skipping
Refreshing native plugins compatible for Editor in 0.56 ms, found 3 plugins.
Preloading 0 native plugins for Editor in 0.00 ms.
Unloading 2174 Unused Serialized files (Serialized files now loaded: 0)
System memory in use before: 98.1 MB.
System memory in use after: 98.2 MB.

Unloading 17 unused Assets to reduce memory usage. Loaded Objects now: 2667.
Total: 4.542500 ms (FindLiveObjects: 0.203400 ms CreateObjectMapping: 0.074500 ms MarkObjects: 4.242800 ms  DeleteObjects: 0.020600 ms)

AssetImportParameters requested are different than current active one (requested -> active):
  custom:framework-win-MediaFoundation: 216162199b28c13a410421893ffa2e32 -> 
  custom:video-decoder-ogg-theora: a1e56fd34408186e4bbccfd4996cb3dc -> 
  custom:container-muxer-webm: aa71ff27fc2769a1b78a27578f13a17b -> 
  custom:container-demuxer-webm: 4f35f7cbe854078d1ac9338744f61a02 -> 
  custom:container-demuxer-ogg: 62fdf1f143b41e24485cea50d1cbac27 -> 
  custom:video-encoder-webm-vp8: eb34c28f22e8b96e1ab97ce403110664 -> 
  custom:video-codec-MediaFoundation-h265: 746d11721c4dcdbdad8f713fa42b33f4 -> 
  custom:video-decoder-webm-vp8: 9c59270c3fd7afecdb556c50c9e8de78 -> 
  custom:audio-decoder-ogg-vorbis: bf7c407c2cedff20999df2af8eb42d56 -> 
  custom:audio-encoder-webm-vorbis: bf7c407c2cedff20999df2af8eb42d56 -> 
AssetImportWorkerClient::OnTransportError - code=2 error=End of file
